2025-08-09 14:01:14 [SYSTEM] [INFO] Logging initialized: /mnt/hgfs/rocky/informatica_automation_rl8/logs/informatica_install_20250809_140114.log
[2025-08-09 14:01:14] [main_setup] [INFO] Starting Informatica PowerCenter installation process...
[2025-08-09 14:01:14] [main_setup] [INFO] Log file: /mnt/hgfs/rocky/informatica_automation_rl8/logs/informatica_install_20250809_140114.log
[2025-08-09 14:01:14] [main_setup] [INFO] Base directories created.
[2025-08-09 14:01:14] [main_setup] [INFO] === Executing step: 01_download_prerequisites.sh ===
[2025-08-09 14:01:14] [01_download_prerequisites] [INFO] Starting prerequisite download process.
[2025-08-09 14:01:14] [01_download_prerequisites] [INFO] File zulu8.74.0.17-ca-fx-jdk8.0.392-linux_x64.tar.gz already exists at /opt/Informatica/downloads/jdk/zulu8.74.0.17-ca-fx-jdk8.0.392-linux_x64.tar.gz. Skipping download.
[2025-08-09 14:01:14] [01_download_prerequisites] [INFO] Please ensure Informatica V4* ZIP files are in /opt/Informatica/downloads/informatica/
[2025-08-09 14:01:14] [01_download_prerequisites] [INFO] The script will attempt to find Oracle_All_OS_Prod.key within these zips or in /opt/Informatica/downloads/informatica/ directly.
[2025-08-09 14:01:14] [01_download_prerequisites] [INFO] Please ensure sqldeveloper-21.4.3-063.0100.noarch.rpm is in /opt/Informatica/downloads/sqldeveloper/
[2025-08-09 14:01:14] [01_download_prerequisites] [INFO] Prerequisite download checks completed.
[2025-08-09 14:01:14] [main_setup] [INFO] === Step 01_download_prerequisites.sh completed successfully ===
[2025-08-09 14:01:14] [main_setup] [INFO] === Executing step: 02_install_jdk.sh ===
[2025-08-09 14:01:14] [02_install_jdk] [INFO] Starting JDK 8 (Zulu with JavaFX) installation process.
[2025-08-09 14:01:14] [02_install_jdk] [INFO] JDK 8u392 (Zulu with JavaFX) seems to be already installed at /opt/java/zulu8.74.0.17-ca-fx-jdk8.0.392-linux_x64.
[2025-08-09 14:01:14] [02_install_jdk] [INFO] JDK 8u392 (Zulu with JavaFX) already configured. Ensuring profile script exists.
[2025-08-09 14:01:14] [02_install_jdk] [INFO] Configuring JDK environment variables in /etc/profile.d/jdk.sh...
[2025-08-09 14:01:16] [02_install_jdk] [INFO] JDK profile script /etc/profile.d/jdk.sh already up-to-date.
[2025-08-09 14:01:16] [02_install_jdk] [INFO] Please source this script or log out/in for changes to take effect: source /etc/profile.d/jdk.sh
[2025-08-09 14:01:16] [02_install_jdk] [INFO] Configuring Java alternatives...
[2025-08-09 14:01:16] [02_install_jdk] [INFO] Removed existing java alternative.
[2025-08-09 14:01:16] [02_install_jdk] [INFO] Removed existing javac alternative.
[2025-08-09 14:01:17] [02_install_jdk] [INFO] Java alternative installed and set.
[2025-08-09 14:01:17] [02_install_jdk] [INFO] Javac alternative installed and set.
[2025-08-09 14:01:17] [02_install_jdk] [INFO] Current Java version: openjdk version "1.8.0_392"
OpenJDK Runtime Environment (Zulu 8.74.0.17-CA-linux64) (build 1.8.0_392-b08)
OpenJDK 64-Bit Server VM (Zulu 8.74.0.17-CA-linux64) (build 25.392-b08, mixed mode)
[2025-08-09 14:01:17] [02_install_jdk] [INFO] JDK version verification successful.
[2025-08-09 14:01:17] [02_install_jdk] [INFO] JavaFX-enabled JDK is ready for use.
[2025-08-09 14:01:17] [02_install_jdk] [INFO] JDK 8 (Zulu with JavaFX) installation process completed successfully.
[2025-08-09 14:01:17] [main_setup] [INFO] === Step 02_install_jdk.sh completed successfully ===
[2025-08-09 14:01:17] [main_setup] [INFO] === Executing step: 03_start_oracle_docker.sh ===
[2025-08-09 14:01:17] [03_start_oracle_docker] [INFO] Attempting to start Oracle XE Docker container...
[2025-08-09 14:01:17] [03_start_oracle_docker] [DEBUG] Executing: /mnt/hgfs/rocky/informatica_automation_rl8/scripts/manage_oracle_docker.sh start
[2025-08-09 14:01:17] [manage_oracle_docker] [INFO] Starting Oracle XE container...
[2025-08-09 14:01:17] [manage_oracle_docker] [INFO] Waiting for Oracle to be ready...
[2025-08-09 14:01:17] [manage_oracle_docker] [INFO] Oracle is ready after 1 attempts!
[2025-08-09 14:01:17] [manage_oracle_docker] [INFO] Setting up Oracle database users...
[2025-08-09 14:01:17] [manage_oracle_docker] [INFO] SQL script copied to container successfully
[2025-08-09 14:01:18] [manage_oracle_docker] [INFO] Oracle users setup completed successfully
[2025-08-09 14:01:18] [manage_oracle_docker] [INFO] Testing database connections...
[2025-08-09 14:01:18] [manage_oracle_docker] [INFO] ✓ Connection test successful for: system
[2025-08-09 14:01:18] [manage_oracle_docker] [INFO] ✓ Connection test successful for: INFA_DOM
[2025-08-09 14:01:19] [manage_oracle_docker] [INFO] ✓ Connection test successful for: INFA_REP
[2025-08-09 14:01:19] [manage_oracle_docker] [INFO] ✓ Connection test successful for: HR
[2025-08-09 14:01:19] [manage_oracle_docker] [INFO] Oracle XE Connection Information:
[2025-08-09 14:01:19] [manage_oracle_docker] [INFO] Oracle XE container started and configured successfully
[2025-08-09 14:01:19] [03_start_oracle_docker] [INFO] Oracle XE Docker container command executed successfully (manage_oracle_docker.sh reported success).
[2025-08-09 14:01:19] [main_setup] [INFO] === Step 03_start_oracle_docker.sh completed successfully ===
[2025-08-09 14:01:19] [main_setup] [INFO] === Executing step: 04_install_sqldeveloper.sh ===
[2025-08-09 14:01:19] [05_install_sqldev] [INFO] Starting SQL Developer installation process.
[2025-08-09 14:01:19] [05_install_sqldev] [INFO] SQL Developer package name identified as: sqldeveloper
[2025-08-09 14:01:19] [05_install_sqldev] [INFO] SQL Developer package (sqldeveloper) appears to be already installed.
[2025-08-09 14:01:19] [05_install_sqldev] [WARN] SQL Developer package installed, but main script not found at expected location /opt/sqldeveloper/sqldeveloper.sh. This is unusual.
[2025-08-09 14:01:19] [05_install_sqldev] [INFO] Verifying JDK for SQL Developer...
[2025-08-09 14:01:19] [05_install_sqldev] [INFO] Using JAVA_HOME=/opt/java/zulu8.74.0.17-ca-fx-jdk8.0.392-linux_x64
[2025-08-09 14:01:19] [05_install_sqldev] [INFO] Installing SQL Developer from RPM: /opt/Informatica/downloads/sqldeveloper/sqldeveloper-21.4.3-063.0100.noarch.rpm...
[2025-08-09 14:01:19] [05_install_sqldev] [DEBUG] Executing: sudo yum localinstall -y "/opt/Informatica/downloads/sqldeveloper/sqldeveloper-21.4.3-063.0100.noarch.rpm"
Last metadata expiration check: 0:52:01 ago on Saturday 09 August 2025 01:09:19 PM IST.
Package sqldeveloper-21.4.3-063.0100.noarch is already installed.
Dependencies resolved.
Nothing to do.
Complete!
[2025-08-09 14:01:20] [05_install_sqldev] [INFO] Successfully installed SQL Developer RPM.
[2025-08-09 14:01:21] [05_install_sqldev] [INFO] SQL Developer launcher found at /usr/local/bin/sqldeveloper.
[2025-08-09 14:01:21] [05_install_sqldev] [INFO] SQL Developer installed. Executable confirmed at /usr/local/bin/sqldeveloper.
[2025-08-09 14:01:21] [05_install_sqldev] [INFO] Targeting user-specific SQL Developer config: /home/klaus/.sqldeveloper/21.4.3/product.conf
[2025-08-09 14:01:21] [05_install_sqldev] [INFO] Checking/Updating SetJavaHome in /home/klaus/.sqldeveloper/21.4.3/product.conf for JDK: /opt/java/zulu8.74.0.17-ca-fx-jdk8.0.392-linux_x64
[2025-08-09 14:01:21] [05_install_sqldev] [INFO] Java home already correctly set in /home/klaus/.sqldeveloper/21.4.3/product.conf.
[2025-08-09 14:01:21] [05_install_sqldev] [INFO] SQL Developer system config file not found via RPM or search. Skipping system config update.
[2025-08-09 14:01:21] [05_install_sqldev] [INFO] SQL Developer installation and Java configuration process completed.
[2025-08-09 14:01:21] [main_setup] [INFO] === Step 04_install_sqldeveloper.sh completed successfully ===
[2025-08-09 14:01:21] [main_setup] [INFO] === Executing step: 05_configure_sqldeveloper.sh ===
[2025-08-09 14:01:21] [04_configure_sqldev] [INFO] Starting SQL Developer configuration process.
[2025-08-09 14:01:21] [04_configure_sqldev] [INFO] Checking if SQL Developer is installed...
[2025-08-09 14:01:21] [04_configure_sqldev] [INFO] SQL Developer launcher detected at: /usr/local/bin/sqldeveloper
[2025-08-09 14:01:21] [04_configure_sqldev] [INFO] Setting up SQL Developer configuration...
[2025-08-09 14:01:21] [04_configure_sqldev] [INFO] Creating SQL Developer connections directory: /home/klaus/.sqldeveloper/system21.4.3.063.0100/o.jdeveloper.db.connection.12.2.1.4.42.170908.1359
[2025-08-09 14:01:21] [04_configure_sqldev] [INFO] Created SQL Developer connections file: /home/klaus/.sqldeveloper/system21.4.3.063.0100/o.jdeveloper.db.connection.12.2.1.4.42.170908.1359/connections.xml
[2025-08-09 14:01:21] [04_configure_sqldev] [INFO] Testing database connections...
[2025-08-09 14:01:21] [04_configure_sqldev] [INFO] ✓ Database connection test successful for: system
[2025-08-09 14:01:21] [04_configure_sqldev] [INFO] ✓ Database connection test successful for: INFA_DOM
[2025-08-09 14:01:21] [04_configure_sqldev] [INFO] ✓ Database connection test successful for: INFA_REP
[2025-08-09 14:01:21] [04_configure_sqldev] [INFO] ✓ Database connection test successful for: HR
[2025-08-09 14:01:21] [04_configure_sqldev] [INFO] SQL Developer configuration completed!
[2025-08-09 14:01:21] [04_configure_sqldev] [INFO] You can now launch SQL Developer using:
[2025-08-09 14:01:21] [04_configure_sqldev] [INFO]   - Command line: /usr/local/bin/sqldeveloper
[2025-08-09 14:01:21] [04_configure_sqldev] [INFO]   - Direct path: /usr/local/bin/sqldeveloper
[2025-08-09 14:01:21] [04_configure_sqldev] [INFO] 
[2025-08-09 14:01:21] [04_configure_sqldev] [INFO] Pre-configured database connections:
[2025-08-09 14:01:21] [04_configure_sqldev] [INFO]   - SystemDB (system/oracle)
[2025-08-09 14:01:21] [04_configure_sqldev] [INFO]   - INFA_DOM (INFA_DOM/INFA_DOM)
[2025-08-09 14:01:21] [04_configure_sqldev] [INFO]   - INFA_REP (INFA_REP/INFA_REP)
[2025-08-09 14:01:21] [04_configure_sqldev] [INFO]   - HR (HR/HR)
[2025-08-09 14:01:21] [main_setup] [INFO] === Step 05_configure_sqldeveloper.sh completed successfully ===
[2025-08-09 14:01:21] [main_setup] [INFO] === Executing step: 06_prepare_informatica_installers.sh ===
[2025-08-09 14:01:21] [06_prepare_infa_install] [INFO] Starting Informatica installer preparation.
[2025-08-09 14:01:21] [06_prepare_infa_install] [INFO] Informatica server installer payload (install.sh) and license key seem to be already prepared. Skipping.
[2025-08-09 14:01:21] [main_setup] [INFO] === Step 06_prepare_informatica_installers.sh completed successfully ===
[2025-08-09 14:01:21] [main_setup] [INFO] === Executing step: 07_install_informatica_server.sh ===
[2025-08-09 14:01:21] [07_install_infa_server] [INFO] Starting Informatica Server 9.5.1HF2 installation process.
[2025-08-09 14:01:21] [07_install_infa_server] [INFO] Informatica Server not found at /opt/Informatica/9.5.1. Proceeding with installation.
[2025-08-09 14:01:21] [07_install_infa_server] [INFO] Informatica not installed or infacmd.sh not available for domain responsiveness check.
[2025-08-09 14:01:21] [07_install_infa_server] [INFO] Installing Informatica Server.
[2025-08-09 14:01:21] [07_install_infa_server] [WARN] Oracle profile not found.
[2025-08-09 14:01:21] [07_install_infa_server] [INFO] /etc/hosts already maps infa-server to 192.168.29.69
[2025-08-09 14:01:22] [07_install_infa_server] [INFO] Generating /mnt/hgfs/rocky/informatica_automation_rl8/informatica_response_files/SilentInput.properties...
[2025-08-09 14:01:22] [07_install_infa_server] [INFO] Generated /mnt/hgfs/rocky/informatica_automation_rl8/informatica_response_files/SilentInput.properties.
[2025-08-09 14:01:22] [07_install_infa_server] [INFO] Running Informatica Server installation from /opt/temp_install_files/informatica_server_installer_payload...
[2025-08-09 14:01:22] [07_install_infa_server] [INFO] Temporarily unsetting Informatica environment variables for installation...
[2025-08-09 14:01:22] [07_install_infa_server] [INFO] Pre-creating installation directory: /opt/Informatica/9.5.1
[2025-08-09 14:01:22] [07_install_infa_server] [INFO] Starting automated installation (this may take a while)...
[2025-08-09 14:01:22] [07_install_infa_server] [INFO] Running comprehensive automated installation with expect...
[2025-08-09 14:04:21] [07_install_infa_server] [INFO] Expect script finished. Checking installation status from logs/exit codes.
[2025-08-09 14:04:21] [07_install_infa_server] [INFO] Restoring Informatica environment variables...
[2025-08-09 14:04:21] [07_install_infa_server] [INFO] Verifying Informatica Server installation...
[2025-08-09 14:04:21] [07_install_infa_server] [INFO] Found Informatica installation at: /opt/Informatica/9.5.1
[2025-08-09 14:04:21] [07_install_infa_server] [INFO] Informatica Server installation verified successfully.
[2025-08-09 14:04:21] [07_install_infa_server] [INFO] Setting proper permissions on Informatica installation...
[2025-08-09 14:04:21] [07_install_infa_server] [DEBUG] Executing: sudo chown -R klaus:klaus "/opt/Informatica/9.5.1"
[2025-08-09 14:04:21] [07_install_infa_server] [INFO] Permissions set successfully.
[2025-08-09 14:04:21] [07_install_infa_server] [INFO] Informatica Server 9.5.1HF2 installation completed successfully.
[2025-08-09 14:04:21] [07_install_infa_server] [INFO] Installation location: /opt/Informatica/9.5.1
[2025-08-09 14:04:21] [main_setup] [INFO] === Step 07_install_informatica_server.sh completed successfully ===
[2025-08-09 14:04:21] [main_setup] [INFO] Informatica PowerCenter installation process completed.
[2025-08-09 14:04:21] [main_setup] [INFO] Please check the main log file for details: /mnt/hgfs/rocky/informatica_automation_rl8/logs/informatica_install_20250809_140114.log
[2025-08-09 14:04:21] [main_setup] [INFO] Remember to source relevant profile scripts (e.g., /etc/profile.d/jdk.sh, oracle_xe.sh, informatica.sh) or reboot for changes to take effect system-wide.
